0 info it worked if it ends with ok
1 verbose cli [ 'C:\\Program Files\\nodejs\\node.exe',
1 verbose cli   'C:\\Program Files\\nodejs\\node_modules\\npm\\bin\\npm-cli.js',
1 verbose cli   'publish',
1 verbose cli   '--access',
1 verbose cli   'public' ]
2 info using npm@3.10.10
3 info using node@v6.10.3
4 verbose publish [ '.' ]
5 silly cache add args [ '.', null ]
6 verbose cache add spec .
7 silly cache add parsed spec Result {
7 silly cache add   raw: '.',
7 silly cache add   scope: null,
7 silly cache add   escapedName: null,
7 silly cache add   name: null,
7 silly cache add   rawSpec: '.',
7 silly cache add   spec: 'C:\\Users\\Administrator\\Documents\\GitHub\\node-cli-step-version',
7 silly cache add   type: 'directory' }
8 verbose addLocalDirectory C:\Users\Administrator\AppData\Roaming\npm-cache\@origami-network\cli-step-version\0.0.0\package.tgz not in flight; packing
9 verbose correctMkdir C:\Users\Administrator\AppData\Roaming\npm-cache correctMkdir not in flight; initializing
10 info lifecycle @origami-network/cli-step-version@0.0.0~prepublish: @origami-network/cli-step-version@0.0.0
11 silly lifecycle @origami-network/cli-step-version@0.0.0~prepublish: no script for prepublish, continuing
12 verbose tar pack [ 'C:\\Users\\Administrator\\AppData\\Roaming\\npm-cache\\@origami-network\\cli-step-version\\0.0.0\\package.tgz',
12 verbose tar pack   'C:\\Users\\Administrator\\Documents\\GitHub\\node-cli-step-version' ]
13 verbose tarball C:\Users\Administrator\AppData\Roaming\npm-cache\@origami-network\cli-step-version\0.0.0\package.tgz
14 verbose folder C:\Users\Administrator\Documents\GitHub\node-cli-step-version
15 verbose addLocalTarball adding from inside cache C:\Users\Administrator\AppData\Roaming\npm-cache\@origami-network\cli-step-version\0.0.0\package.tgz
16 verbose correctMkdir C:\Users\Administrator\AppData\Roaming\npm-cache correctMkdir not in flight; initializing
17 silly cache afterAdd @origami-network/cli-step-version@0.0.0
18 verbose afterAdd C:\Users\Administrator\AppData\Roaming\npm-cache\@origami-network\cli-step-version\0.0.0\package\package.json not in flight; writing
19 verbose correctMkdir C:\Users\Administrator\AppData\Roaming\npm-cache correctMkdir not in flight; initializing
20 verbose afterAdd C:\Users\Administrator\AppData\Roaming\npm-cache\@origami-network\cli-step-version\0.0.0\package\package.json written
21 silly publish { name: '@origami-network/cli-step-version',
21 silly publish   version: '0.0.0',
21 silly publish   description: 'Module that helps generate build and publish version.',
21 silly publish   bin: { 'cli-step-version': './command.js' },
21 silly publish   main: './lib/get-version.js',
21 silly publish   scripts:
21 silly publish    { 'cli-step-version': 'node ./command.js',
21 silly publish      test: 'mocha -R mocha-junit-reporter --reporter-options mochaFile=dist/lib/results.junit.xml lib/**/**.spec.js' },
21 silly publish   author: { name: 'Bartlomiej Dubas' },
21 silly publish   license: 'MIT',
21 silly publish   engines: { node: '>=4.2.4' },
21 silly publish   dependencies: { commander: '^2.15.0' },
21 silly publish   devDependencies:
21 silly publish    { chai: '^4.1.2',
21 silly publish      mocha: '^5.0.4',
21 silly publish      'mocha-junit-reporter': '^1.17.0' },
21 silly publish   readme: 'Get Version\r\n==\r\n\r\nHelper command line tool to get version from the `package.json` file in the current working directory.\r\n\r\nIt can be used as continuous integration/delivery step to return versions to the pipeline.\r\n\r\n\r\n## Usage\r\n\r\nThe simple usage is to define custom script that will install and run the command at once.\r\n\r\nIn the `package.json` add new script:\r\n\r\n```json\r\n{\r\n    ...\r\n    "scripts": {\r\n        "cli-step-version": "npm install --no-save --silent @origami-network/cli-step-version && cli-step-version"\r\n        ...\r\n    }\r\n    ...\r\n}\r\n```\r\n\r\nNow it is possible to get version from command line.\r\n\r\n```shell\r\n> npm run cli-step-version\r\n```\r\n\r\nAs the result the last two lines on the console will display version for:\r\n\r\n * **build** - including build number and branch that can be used to uniquely associate output with the build process. \r\n * **publish** - the version that should be used to publish artifacts in registries. Like node package to NPM registry. \r\n\r\nThis will allow to run the script without calling `npm install` before.\r\n\r\n\r\n### Parameters\r\n\r\nIt is possible to pass additional parameters to the script when calling `npm run`, by adding `--` and the arguments of the script:\r\n\r\n * `-n`, `--build-number <value>` - sequential number, added as the last digit in the version number,\r\n * `-b`, `--build-branch <name>` - additional value indicating the branch or label for the version, added after eventual build number separated by "`-`" character.\r\n\r\nIn addition, fallowing informational parameters can be used:\r\n\r\n * `-h`, `--help` - output usage information,\r\n * `-V`, `--version` - output version of the script.\r\n\r\n\r\n## Examples\r\n\r\n### Command line\r\n\r\nif the `package.json` has defined version `1.2.3`, then calling fallowing command:\r\n\r\n```shell\r\n> npm run cli-step-version -- -build-number 10 -build-branch feature/new-function\r\n```\r\n\r\nWill provide two last line of the output:\r\n\r\n```\r\n\r\n1.2.3.10-feature-new-function\r\n1.2.3\r\n```\r\n\r\n\r\n### Jenkinsfile\r\n\r\nFor Windows slave node add fallowing code to `Jenkinsfile`.\r\n\r\n```groovy\r\ndef output = bat (\r\n    script: "npm run cli-step-version -- --build-number ${env.BUILD_NUMBER} --build-branch ${env.BRANCH_NAME}",\r\n    returnStdout: true\r\n).tokenize().takeRight(2)\r\ndef version = [\r\n    build: output.first(),\r\n    publish: output.last()\r\n]\r\n```\r\n\r\nOn Un*x slave nodes `bat` step should be replaced with `sh` step.\r\n\r\n> By default Jenkins script policy do not allow methods `takeRight` and `first`. After first run they need to be accepted.\r\n',
21 silly publish   readmeFilename: 'readme.md',
21 silly publish   gitHead: 'd6dc18c27db6a9e14c0a791d1aee9a49473debf8',
21 silly publish   _id: '@origami-network/cli-step-version@0.0.0',
21 silly publish   _shasum: '74f3b0e979ea7692be7d969439db9c874641e7f8',
21 silly publish   _from: '.' }
22 verbose getPublishConfig undefined
23 silly mapToRegistry name @origami-network/cli-step-version
24 silly mapToRegistry scope (from package name) @origami-network
25 verbose mapToRegistry no registry URL found in name for scope @origami-network
26 silly mapToRegistry using default registry
27 silly mapToRegistry registry https://registry.npmjs.org/
28 silly mapToRegistry data Result {
28 silly mapToRegistry   raw: '@origami-network/cli-step-version',
28 silly mapToRegistry   scope: '@origami-network',
28 silly mapToRegistry   escapedName: '@origami-network%2fcli-step-version',
28 silly mapToRegistry   name: '@origami-network/cli-step-version',
28 silly mapToRegistry   rawSpec: '',
28 silly mapToRegistry   spec: 'latest',
28 silly mapToRegistry   type: 'tag' }
29 silly mapToRegistry uri https://registry.npmjs.org/@origami-network%2fcli-step-version
30 verbose publish registryBase https://registry.npmjs.org/
31 silly publish uploading C:\Users\Administrator\AppData\Roaming\npm-cache\@origami-network\cli-step-version\0.0.0\package.tgz
32 verbose request uri https://registry.npmjs.org/@origami-network%2fcli-step-version
33 verbose request sending authorization for write operation
34 info attempt registry request try #1 at 21:06:28
35 verbose request using bearer token for auth
36 verbose request id 656e207178fc2988
37 http request PUT https://registry.npmjs.org/@origami-network%2fcli-step-version
38 http 403 https://registry.npmjs.org/@origami-network%2fcli-step-version
39 verbose headers { 'content-type': 'application/json',
39 verbose headers   'cache-control': 'max-age=0',
39 verbose headers   'content-length': '104',
39 verbose headers   'accept-ranges': 'bytes',
39 verbose headers   date: 'Fri, 23 Mar 2018 20:06:29 GMT',
39 verbose headers   via: '1.1 varnish',
39 verbose headers   connection: 'keep-alive',
39 verbose headers   'x-served-by': 'cache-hhn1522-HHN',
39 verbose headers   'x-cache': 'MISS',
39 verbose headers   'x-cache-hits': '0',
39 verbose headers   'x-timer': 'S1521835589.079493,VS0,VE296' }
40 verbose request invalidating C:\Users\Administrator\AppData\Roaming\npm-cache\registry.npmjs.org\_40origami-network_252fcli-step-version on PUT
41 error publish Failed PUT 403
42 verbose stack Error: you must verify your email before publishing a new package: https://www.npmjs.com/email-edit : @origami-network/cli-step-version
42 verbose stack     at makeError (C:\Program Files\nodejs\node_modules\npm\node_modules\npm-registry-client\lib\request.js:302:12)
42 verbose stack     at CachingRegistryClient.<anonymous> (C:\Program Files\nodejs\node_modules\npm\node_modules\npm-registry-client\lib\request.js:290:14)
42 verbose stack     at Request._callback (C:\Program Files\nodejs\node_modules\npm\node_modules\npm-registry-client\lib\request.js:210:14)
42 verbose stack     at Request.self.callback (C:\Program Files\nodejs\node_modules\npm\node_modules\request\request.js:187:22)
42 verbose stack     at emitTwo (events.js:106:13)
42 verbose stack     at Request.emit (events.js:191:7)
42 verbose stack     at Request.<anonymous> (C:\Program Files\nodejs\node_modules\npm\node_modules\request\request.js:1048:10)
42 verbose stack     at emitOne (events.js:96:13)
42 verbose stack     at Request.emit (events.js:188:7)
42 verbose stack     at IncomingMessage.<anonymous> (C:\Program Files\nodejs\node_modules\npm\node_modules\request\request.js:969:12)
43 verbose statusCode 403
44 verbose pkgid @origami-network/cli-step-version
45 verbose cwd C:\Users\Administrator\Documents\GitHub\node-cli-step-version
46 error Windows_NT 6.3.9600
47 error argv "C:\\Program Files\\nodejs\\node.exe" "C:\\Program Files\\nodejs\\node_modules\\npm\\bin\\npm-cli.js" "publish" "--access" "public"
48 error node v6.10.3
49 error npm  v3.10.10
50 error code E403
51 error you must verify your email before publishing a new package: https://www.npmjs.com/email-edit : @origami-network/cli-step-version
52 error If you need help, you may report this error at:
52 error     <https://github.com/npm/npm/issues>
53 verbose exit [ 1, true ]
